05-08 15:47:29 com_github_MitjaNemec_Archive3DModels.action_archive_3d_models 220:Plugin executed on: 'linux'
05-08 15:47:29 com_github_MitjaNemec_Archive3DModels.action_archive_3d_models 221:Plugin executed with python version: '3.12.3 (main, Apr 23 2024, 09:16:07) [GCC 13.2.1 20240417]'
05-08 15:47:29 com_github_MitjaNemec_Archive3DModels.action_archive_3d_models 222:KiCad build version: 8.0.2
05-08 15:47:29 com_github_MitjaNemec_Archive3DModels.action_archive_3d_models 223:Plugin version: 1.0.11

05-08 15:47:29 com_github_MitjaNemec_Archive3DModels.action_archive_3d_models 228:Screen sizes: [wx.Size(1366, 768)]
05-08 15:47:29 com_github_MitjaNemec_Archive3DModels.action_archive_3d_models 235:Dialog size: wx.Size(213, 81)
05-08 15:47:29 com_github_MitjaNemec_Archive3DModels.action_archive_3d_models 237:Char size: 21
05-08 15:47:36 com_github_MitjaNemec_Archive3DModels.archive_3d_models 26:Starting to archive 3D models
05-08 15:47:36 com_github_MitjaNemec_Archive3DModels.archive_3d_models 47:Getting 3D models for footprint of: H2
05-08 15:47:36 com_github_MitjaNemec_Archive3DModels.archive_3d_models 47:Getting 3D models for footprint of: R1
05-08 15:47:36 com_github_MitjaNemec_Archive3DModels.archive_3d_models 58:Trying to copy: ${KICAD8_3DMODEL_DIR}/Resistor_SMD.3dshapes/R_0603_1608Metric.wrl
05-08 15:47:36 com_github_MitjaNemec_Archive3DModels.archive_3d_models 138:Remapping: ${KICAD8_3DMODEL_DIR}/Resistor_SMD.3dshapes/R_0603_1608Metric.wrl
05-08 15:47:36 com_github_MitjaNemec_Archive3DModels.archive_3d_models 47:Getting 3D models for footprint of: J1
05-08 15:47:36 com_github_MitjaNemec_Archive3DModels.archive_3d_models 58:Trying to copy: ${KICAD8_3DMODEL_DIR}/TerminalBlock_Phoenix.3dshapes/TerminalBlock_Phoenix_PT-1,5-2-3.5-H_1x02_P3.50mm_Horizontal.wrl
05-08 15:47:36 com_github_MitjaNemec_Archive3DModels.archive_3d_models 138:Remapping: ${KICAD8_3DMODEL_DIR}/TerminalBlock_Phoenix.3dshapes/TerminalBlock_Phoenix_PT-1,5-2-3.5-H_1x02_P3.50mm_Horizontal.wrl
05-08 15:47:36 com_github_MitjaNemec_Archive3DModels.archive_3d_models 47:Getting 3D models for footprint of: FB1
05-08 15:47:36 com_github_MitjaNemec_Archive3DModels.archive_3d_models 58:Trying to copy: ${KICAD8_3DMODEL_DIR}/Inductor_SMD.3dshapes/L_6.3x6.3_H3.wrl
05-08 15:47:36 com_github_MitjaNemec_Archive3DModels.archive_3d_models 134:Did not copy: ${KICAD8_3DMODEL_DIR}/Inductor_SMD.3dshapes/L_6.3x6.3_H3.wrl
05-08 15:47:36 com_github_MitjaNemec_Archive3DModels.archive_3d_models 138:Remapping: ${KICAD8_3DMODEL_DIR}/Inductor_SMD.3dshapes/L_6.3x6.3_H3.wrl
05-08 15:47:36 com_github_MitjaNemec_Archive3DModels.archive_3d_models 47:Getting 3D models for footprint of: R6
05-08 15:47:36 com_github_MitjaNemec_Archive3DModels.archive_3d_models 58:Trying to copy: ${KICAD8_3DMODEL_DIR}/Resistor_SMD.3dshapes/R_0402_1005Metric.wrl
05-08 15:47:36 com_github_MitjaNemec_Archive3DModels.archive_3d_models 138:Remapping: ${KICAD8_3DMODEL_DIR}/Resistor_SMD.3dshapes/R_0402_1005Metric.wrl
05-08 15:47:36 com_github_MitjaNemec_Archive3DModels.archive_3d_models 47:Getting 3D models for footprint of: D3
05-08 15:47:36 com_github_MitjaNemec_Archive3DModels.archive_3d_models 58:Trying to copy: ${KICAD8_3DMODEL_DIR}/LED_SMD.3dshapes/LED_0603_1608Metric.wrl
05-08 15:47:36 com_github_MitjaNemec_Archive3DModels.archive_3d_models 138:Remapping: ${KICAD8_3DMODEL_DIR}/LED_SMD.3dshapes/LED_0603_1608Metric.wrl
05-08 15:47:36 com_github_MitjaNemec_Archive3DModels.archive_3d_models 47:Getting 3D models for footprint of: L2
05-08 15:47:36 com_github_MitjaNemec_Archive3DModels.archive_3d_models 58:Trying to copy: ${KICAD8_3DMODEL_DIR}/Inductor_SMD.3dshapes/L_6.3x6.3_H3.wrl
05-08 15:47:36 com_github_MitjaNemec_Archive3DModels.archive_3d_models 134:Did not copy: ${KICAD8_3DMODEL_DIR}/Inductor_SMD.3dshapes/L_6.3x6.3_H3.wrl
05-08 15:47:36 com_github_MitjaNemec_Archive3DModels.archive_3d_models 138:Remapping: ${KICAD8_3DMODEL_DIR}/Inductor_SMD.3dshapes/L_6.3x6.3_H3.wrl
05-08 15:47:36 com_github_MitjaNemec_Archive3DModels.archive_3d_models 47:Getting 3D models for footprint of: R13
05-08 15:47:36 com_github_MitjaNemec_Archive3DModels.archive_3d_models 58:Trying to copy: ${KICAD8_3DMODEL_DIR}/Resistor_SMD.3dshapes/R_0603_1608Metric.wrl
05-08 15:47:36 com_github_MitjaNemec_Archive3DModels.archive_3d_models 138:Remapping: ${KICAD8_3DMODEL_DIR}/Resistor_SMD.3dshapes/R_0603_1608Metric.wrl
05-08 15:47:36 com_github_MitjaNemec_Archive3DModels.archive_3d_models 47:Getting 3D models for footprint of: U3
05-08 15:47:36 com_github_MitjaNemec_Archive3DModels.archive_3d_models 58:Trying to copy: ${KICAD8_3DMODEL_DIR}/Package_TO_SOT_SMD.3dshapes/SOT-23-6.wrl
05-08 15:47:36 com_github_MitjaNemec_Archive3DModels.archive_3d_models 138:Remapping: ${KICAD8_3DMODEL_DIR}/Package_TO_SOT_SMD.3dshapes/SOT-23-6.wrl
05-08 15:47:36 com_github_MitjaNemec_Archive3DModels.archive_3d_models 47:Getting 3D models for footprint of: R12
05-08 15:47:36 com_github_MitjaNemec_Archive3DModels.archive_3d_models 58:Trying to copy: ${KICAD8_3DMODEL_DIR}/Resistor_SMD.3dshapes/R_0402_1005Metric.wrl
05-08 15:47:36 com_github_MitjaNemec_Archive3DModels.archive_3d_models 138:Remapping: ${KICAD8_3DMODEL_DIR}/Resistor_SMD.3dshapes/R_0402_1005Metric.wrl
05-08 15:47:36 com_github_MitjaNemec_Archive3DModels.archive_3d_models 47:Getting 3D models for footprint of: C10
05-08 15:47:36 com_github_MitjaNemec_Archive3DModels.archive_3d_models 58:Trying to copy: ${KICAD8_3DMODEL_DIR}/Capacitor_SMD.3dshapes/C_1206_3216Metric.wrl
05-08 15:47:36 com_github_MitjaNemec_Archive3DModels.archive_3d_models 138:Remapping: ${KICAD8_3DMODEL_DIR}/Capacitor_SMD.3dshapes/C_1206_3216Metric.wrl
05-08 15:47:36 com_github_MitjaNemec_Archive3DModels.archive_3d_models 47:Getting 3D models for footprint of: J2
05-08 15:47:36 com_github_MitjaNemec_Archive3DModels.archive_3d_models 58:Trying to copy: ${KICAD8_3DMODEL_DIR}/Connector_USB.3dshapes/USB_Micro-AB_Molex_47590-0001.wrl
05-08 15:47:36 com_github_MitjaNemec_Archive3DModels.archive_3d_models 134:Did not copy: ${KICAD8_3DMODEL_DIR}/Connector_USB.3dshapes/USB_Micro-AB_Molex_47590-0001.wrl
05-08 15:47:36 com_github_MitjaNemec_Archive3DModels.archive_3d_models 138:Remapping: ${KICAD8_3DMODEL_DIR}/Connector_USB.3dshapes/USB_Micro-AB_Molex_47590-0001.wrl
05-08 15:47:36 com_github_MitjaNemec_Archive3DModels.archive_3d_models 47:Getting 3D models for footprint of: C16
05-08 15:47:36 com_github_MitjaNemec_Archive3DModels.archive_3d_models 58:Trying to copy: ${KICAD8_3DMODEL_DIR}/Capacitor_SMD.3dshapes/C_1206_3216Metric.wrl
05-08 15:47:36 com_github_MitjaNemec_Archive3DModels.archive_3d_models 138:Remapping: ${KICAD8_3DMODEL_DIR}/Capacitor_SMD.3dshapes/C_1206_3216Metric.wrl
05-08 15:47:36 com_github_MitjaNemec_Archive3DModels.archive_3d_models 47:Getting 3D models for footprint of: C13
05-08 15:47:36 com_github_MitjaNemec_Archive3DModels.archive_3d_models 58:Trying to copy: ${KICAD8_3DMODEL_DIR}/Capacitor_SMD.3dshapes/C_0402_1005Metric.wrl
05-08 15:47:36 com_github_MitjaNemec_Archive3DModels.archive_3d_models 138:Remapping: ${KICAD8_3DMODEL_DIR}/Capacitor_SMD.3dshapes/C_0402_1005Metric.wrl
05-08 15:47:36 com_github_MitjaNemec_Archive3DModels.archive_3d_models 47:Getting 3D models for footprint of: R2
05-08 15:47:36 com_github_MitjaNemec_Archive3DModels.archive_3d_models 58:Trying to copy: ${KICAD8_3DMODEL_DIR}/Resistor_SMD.3dshapes/R_0603_1608Metric.wrl
05-08 15:47:36 com_github_MitjaNemec_Archive3DModels.archive_3d_models 138:Remapping: ${KICAD8_3DMODEL_DIR}/Resistor_SMD.3dshapes/R_0603_1608Metric.wrl
05-08 15:47:36 com_github_MitjaNemec_Archive3DModels.archive_3d_models 47:Getting 3D models for footprint of: C11
05-08 15:47:36 com_github_MitjaNemec_Archive3DModels.archive_3d_models 58:Trying to copy: ${KICAD8_3DMODEL_DIR}/Capacitor_SMD.3dshapes/C_0402_1005Metric.wrl
05-08 15:47:36 com_github_MitjaNemec_Archive3DModels.archive_3d_models 138:Remapping: ${KICAD8_3DMODEL_DIR}/Capacitor_SMD.3dshapes/C_0402_1005Metric.wrl
05-08 15:47:36 com_github_MitjaNemec_Archive3DModels.archive_3d_models 47:Getting 3D models for footprint of: R15
05-08 15:47:36 com_github_MitjaNemec_Archive3DModels.archive_3d_models 58:Trying to copy: ${KICAD8_3DMODEL_DIR}/Resistor_SMD.3dshapes/R_0402_1005Metric.wrl
05-08 15:47:36 com_github_MitjaNemec_Archive3DModels.archive_3d_models 138:Remapping: ${KICAD8_3DMODEL_DIR}/Resistor_SMD.3dshapes/R_0402_1005Metric.wrl
05-08 15:47:36 com_github_MitjaNemec_Archive3DModels.archive_3d_models 47:Getting 3D models for footprint of: C9
05-08 15:47:36 com_github_MitjaNemec_Archive3DModels.archive_3d_models 58:Trying to copy: ${KICAD8_3DMODEL_DIR}/Capacitor_SMD.3dshapes/C_0402_1005Metric.wrl
05-08 15:47:36 com_github_MitjaNemec_Archive3DModels.archive_3d_models 138:Remapping: ${KICAD8_3DMODEL_DIR}/Capacitor_SMD.3dshapes/C_0402_1005Metric.wrl
05-08 15:47:36 com_github_MitjaNemec_Archive3DModels.archive_3d_models 47:Getting 3D models for footprint of: J3
05-08 15:47:36 com_github_MitjaNemec_Archive3DModels.archive_3d_models 58:Trying to copy: ${KICAD8_3DMODEL_DIR}/Connector.3dshapes/FanPinHeader_1x04_P2.54mm_Vertical.wrl
05-08 15:47:36 com_github_MitjaNemec_Archive3DModels.archive_3d_models 138:Remapping: ${KICAD8_3DMODEL_DIR}/Connector.3dshapes/FanPinHeader_1x04_P2.54mm_Vertical.wrl
05-08 15:47:36 com_github_MitjaNemec_Archive3DModels.archive_3d_models 47:Getting 3D models for footprint of: R9
05-08 15:47:36 com_github_MitjaNemec_Archive3DModels.archive_3d_models 58:Trying to copy: ${KICAD8_3DMODEL_DIR}/Resistor_SMD.3dshapes/R_0402_1005Metric.wrl
05-08 15:47:36 com_github_MitjaNemec_Archive3DModels.archive_3d_models 138:Remapping: ${KICAD8_3DMODEL_DIR}/Resistor_SMD.3dshapes/R_0402_1005Metric.wrl
05-08 15:47:36 com_github_MitjaNemec_Archive3DModels.archive_3d_models 47:Getting 3D models for footprint of: Y1
05-08 15:47:36 com_github_MitjaNemec_Archive3DModels.archive_3d_models 58:Trying to copy: ${KICAD8_3DMODEL_DIR}/Crystal.3dshapes/Crystal_SMD_0603-4Pin_6.0x3.5mm.wrl
05-08 15:47:36 com_github_MitjaNemec_Archive3DModels.archive_3d_models 138:Remapping: ${KICAD8_3DMODEL_DIR}/Crystal.3dshapes/Crystal_SMD_0603-4Pin_6.0x3.5mm.wrl
05-08 15:47:36 com_github_MitjaNemec_Archive3DModels.archive_3d_models 47:Getting 3D models for footprint of: L1
05-08 15:47:36 com_github_MitjaNemec_Archive3DModels.archive_3d_models 58:Trying to copy: ${KICAD8_3DMODEL_DIR}/Inductor_SMD.3dshapes/L_0402_1005Metric.wrl
05-08 15:47:36 com_github_MitjaNemec_Archive3DModels.archive_3d_models 138:Remapping: ${KICAD8_3DMODEL_DIR}/Inductor_SMD.3dshapes/L_0402_1005Metric.wrl
05-08 15:47:36 com_github_MitjaNemec_Archive3DModels.archive_3d_models 47:Getting 3D models for footprint of: C15
05-08 15:47:36 com_github_MitjaNemec_Archive3DModels.archive_3d_models 58:Trying to copy: ${KICAD8_3DMODEL_DIR}/Capacitor_SMD.3dshapes/C_1206_3216Metric.wrl
05-08 15:47:36 com_github_MitjaNemec_Archive3DModels.archive_3d_models 138:Remapping: ${KICAD8_3DMODEL_DIR}/Capacitor_SMD.3dshapes/C_1206_3216Metric.wrl
05-08 15:47:36 com_github_MitjaNemec_Archive3DModels.archive_3d_models 47:Getting 3D models for footprint of: R8
05-08 15:47:36 com_github_MitjaNemec_Archive3DModels.archive_3d_models 58:Trying to copy: ${KICAD8_3DMODEL_DIR}/Resistor_SMD.3dshapes/R_0603_1608Metric.wrl
05-08 15:47:36 com_github_MitjaNemec_Archive3DModels.archive_3d_models 138:Remapping: ${KICAD8_3DMODEL_DIR}/Resistor_SMD.3dshapes/R_0603_1608Metric.wrl
05-08 15:47:36 com_github_MitjaNemec_Archive3DModels.archive_3d_models 47:Getting 3D models for footprint of: J5
05-08 15:47:36 com_github_MitjaNemec_Archive3DModels.archive_3d_models 58:Trying to copy: ${KICAD8_3DMODEL_DIR}/Connector_PinHeader_1.27mm.3dshapes/PinHeader_2x05_P1.27mm_Vertical.wrl
05-08 15:47:36 com_github_MitjaNemec_Archive3DModels.archive_3d_models 138:Remapping: ${KICAD8_3DMODEL_DIR}/Connector_PinHeader_1.27mm.3dshapes/PinHeader_2x05_P1.27mm_Vertical.wrl
05-08 15:47:36 com_github_MitjaNemec_Archive3DModels.archive_3d_models 47:Getting 3D models for footprint of: R11
05-08 15:47:36 com_github_MitjaNemec_Archive3DModels.archive_3d_models 58:Trying to copy: ${KICAD8_3DMODEL_DIR}/Resistor_SMD.3dshapes/R_0402_1005Metric.wrl
05-08 15:47:36 com_github_MitjaNemec_Archive3DModels.archive_3d_models 138:Remapping: ${KICAD8_3DMODEL_DIR}/Resistor_SMD.3dshapes/R_0402_1005Metric.wrl
05-08 15:47:36 com_github_MitjaNemec_Archive3DModels.archive_3d_models 47:Getting 3D models for footprint of: C5
05-08 15:47:36 com_github_MitjaNemec_Archive3DModels.archive_3d_models 58:Trying to copy: ${KICAD8_3DMODEL_DIR}/Capacitor_SMD.3dshapes/C_0402_1005Metric.wrl
05-08 15:47:36 com_github_MitjaNemec_Archive3DModels.archive_3d_models 138:Remapping: ${KICAD8_3DMODEL_DIR}/Capacitor_SMD.3dshapes/C_0402_1005Metric.wrl
05-08 15:47:36 com_github_MitjaNemec_Archive3DModels.archive_3d_models 47:Getting 3D models for footprint of: C3
05-08 15:47:36 com_github_MitjaNemec_Archive3DModels.archive_3d_models 58:Trying to copy: ${KICAD8_3DMODEL_DIR}/Capacitor_SMD.3dshapes/C_1206_3216Metric.wrl
05-08 15:47:36 com_github_MitjaNemec_Archive3DModels.archive_3d_models 138:Remapping: ${KICAD8_3DMODEL_DIR}/Capacitor_SMD.3dshapes/C_1206_3216Metric.wrl
05-08 15:47:36 com_github_MitjaNemec_Archive3DModels.archive_3d_models 47:Getting 3D models for footprint of: R19
05-08 15:47:36 com_github_MitjaNemec_Archive3DModels.archive_3d_models 58:Trying to copy: ${KICAD8_3DMODEL_DIR}/Resistor_SMD.3dshapes/R_0603_1608Metric.wrl
05-08 15:47:36 com_github_MitjaNemec_Archive3DModels.archive_3d_models 138:Remapping: ${KICAD8_3DMODEL_DIR}/Resistor_SMD.3dshapes/R_0603_1608Metric.wrl
05-08 15:47:36 com_github_MitjaNemec_Archive3DModels.archive_3d_models 47:Getting 3D models for footprint of: H3
05-08 15:47:36 com_github_MitjaNemec_Archive3DModels.archive_3d_models 47:Getting 3D models for footprint of: H4
05-08 15:47:36 com_github_MitjaNemec_Archive3DModels.archive_3d_models 47:Getting 3D models for footprint of: R17
05-08 15:47:36 com_github_MitjaNemec_Archive3DModels.archive_3d_models 58:Trying to copy: ${KICAD8_3DMODEL_DIR}/Resistor_SMD.3dshapes/R_0402_1005Metric.wrl
05-08 15:47:36 com_github_MitjaNemec_Archive3DModels.archive_3d_models 138:Remapping: ${KICAD8_3DMODEL_DIR}/Resistor_SMD.3dshapes/R_0402_1005Metric.wrl
05-08 15:47:36 com_github_MitjaNemec_Archive3DModels.archive_3d_models 47:Getting 3D models for footprint of: R4
05-08 15:47:36 com_github_MitjaNemec_Archive3DModels.archive_3d_models 58:Trying to copy: ${KICAD8_3DMODEL_DIR}/Resistor_SMD.3dshapes/R_0603_1608Metric.wrl
05-08 15:47:36 com_github_MitjaNemec_Archive3DModels.archive_3d_models 138:Remapping: ${KICAD8_3DMODEL_DIR}/Resistor_SMD.3dshapes/R_0603_1608Metric.wrl
05-08 15:47:36 com_github_MitjaNemec_Archive3DModels.archive_3d_models 47:Getting 3D models for footprint of: R10
05-08 15:47:36 com_github_MitjaNemec_Archive3DModels.archive_3d_models 58:Trying to copy: ${KICAD8_3DMODEL_DIR}/Resistor_SMD.3dshapes/R_0402_1005Metric.wrl
05-08 15:47:36 com_github_MitjaNemec_Archive3DModels.archive_3d_models 138:Remapping: ${KICAD8_3DMODEL_DIR}/Resistor_SMD.3dshapes/R_0402_1005Metric.wrl
05-08 15:47:36 com_github_MitjaNemec_Archive3DModels.archive_3d_models 47:Getting 3D models for footprint of: R14
05-08 15:47:36 com_github_MitjaNemec_Archive3DModels.archive_3d_models 58:Trying to copy: ${KICAD8_3DMODEL_DIR}/Resistor_SMD.3dshapes/R_0603_1608Metric.wrl
05-08 15:47:36 com_github_MitjaNemec_Archive3DModels.archive_3d_models 138:Remapping: ${KICAD8_3DMODEL_DIR}/Resistor_SMD.3dshapes/R_0603_1608Metric.wrl
05-08 15:47:36 com_github_MitjaNemec_Archive3DModels.archive_3d_models 47:Getting 3D models for footprint of: SW1
05-08 15:47:36 com_github_MitjaNemec_Archive3DModels.archive_3d_models 58:Trying to copy: ${KICAD8_3DMODEL_DIR}/Button_Switch_SMD.3dshapes/SW_SPDT_PCM12.wrl
05-08 15:47:36 com_github_MitjaNemec_Archive3DModels.archive_3d_models 138:Remapping: ${KICAD8_3DMODEL_DIR}/Button_Switch_SMD.3dshapes/SW_SPDT_PCM12.wrl
05-08 15:47:36 com_github_MitjaNemec_Archive3DModels.archive_3d_models 47:Getting 3D models for footprint of: C7
05-08 15:47:36 com_github_MitjaNemec_Archive3DModels.archive_3d_models 58:Trying to copy: ${KICAD8_3DMODEL_DIR}/Capacitor_SMD.3dshapes/C_0402_1005Metric.wrl
05-08 15:47:36 com_github_MitjaNemec_Archive3DModels.archive_3d_models 138:Remapping: ${KICAD8_3DMODEL_DIR}/Capacitor_SMD.3dshapes/C_0402_1005Metric.wrl
05-08 15:47:36 com_github_MitjaNemec_Archive3DModels.archive_3d_models 47:Getting 3D models for footprint of: C19
05-08 15:47:36 com_github_MitjaNemec_Archive3DModels.archive_3d_models 58:Trying to copy: ${KICAD8_3DMODEL_DIR}/Capacitor_SMD.3dshapes/C_0402_1005Metric.wrl
05-08 15:47:36 com_github_MitjaNemec_Archive3DModels.archive_3d_models 138:Remapping: ${KICAD8_3DMODEL_DIR}/Capacitor_SMD.3dshapes/C_0402_1005Metric.wrl
05-08 15:47:36 com_github_MitjaNemec_Archive3DModels.archive_3d_models 47:Getting 3D models for footprint of: C18
05-08 15:47:36 com_github_MitjaNemec_Archive3DModels.archive_3d_models 58:Trying to copy: ${KICAD8_3DMODEL_DIR}/Capacitor_SMD.3dshapes/C_1206_3216Metric.wrl
05-08 15:47:36 com_github_MitjaNemec_Archive3DModels.archive_3d_models 138:Remapping: ${KICAD8_3DMODEL_DIR}/Capacitor_SMD.3dshapes/C_1206_3216Metric.wrl
05-08 15:47:36 com_github_MitjaNemec_Archive3DModels.archive_3d_models 47:Getting 3D models for footprint of: Q1
05-08 15:47:36 com_github_MitjaNemec_Archive3DModels.archive_3d_models 58:Trying to copy: ${KICAD8_3DMODEL_DIR}/Package_TO_SOT_SMD.3dshapes/SOT-23.wrl
05-08 15:47:36 com_github_MitjaNemec_Archive3DModels.archive_3d_models 138:Remapping: ${KICAD8_3DMODEL_DIR}/Package_TO_SOT_SMD.3dshapes/SOT-23.wrl
05-08 15:47:36 com_github_MitjaNemec_Archive3DModels.archive_3d_models 47:Getting 3D models for footprint of: C12
05-08 15:47:36 com_github_MitjaNemec_Archive3DModels.archive_3d_models 58:Trying to copy: ${KICAD8_3DMODEL_DIR}/Capacitor_SMD.3dshapes/C_0402_1005Metric.wrl
05-08 15:47:36 com_github_MitjaNemec_Archive3DModels.archive_3d_models 138:Remapping: ${KICAD8_3DMODEL_DIR}/Capacitor_SMD.3dshapes/C_0402_1005Metric.wrl
05-08 15:47:36 com_github_MitjaNemec_Archive3DModels.archive_3d_models 47:Getting 3D models for footprint of: R18
05-08 15:47:36 com_github_MitjaNemec_Archive3DModels.archive_3d_models 58:Trying to copy: ${KICAD8_3DMODEL_DIR}/Resistor_SMD.3dshapes/R_0402_1005Metric.wrl
05-08 15:47:36 com_github_MitjaNemec_Archive3DModels.archive_3d_models 138:Remapping: ${KICAD8_3DMODEL_DIR}/Resistor_SMD.3dshapes/R_0402_1005Metric.wrl
05-08 15:47:36 com_github_MitjaNemec_Archive3DModels.archive_3d_models 47:Getting 3D models for footprint of: C8
05-08 15:47:36 com_github_MitjaNemec_Archive3DModels.archive_3d_models 58:Trying to copy: ${KICAD8_3DMODEL_DIR}/Capacitor_SMD.3dshapes/C_0402_1005Metric.wrl
05-08 15:47:36 com_github_MitjaNemec_Archive3DModels.archive_3d_models 138:Remapping: ${KICAD8_3DMODEL_DIR}/Capacitor_SMD.3dshapes/C_0402_1005Metric.wrl
05-08 15:47:36 com_github_MitjaNemec_Archive3DModels.archive_3d_models 47:Getting 3D models for footprint of: F1
05-08 15:47:36 com_github_MitjaNemec_Archive3DModels.archive_3d_models 58:Trying to copy: ${KICAD8_3DMODEL_DIR}/Fuse.3dshapes/Fuse_1206_3216Metric.wrl
05-08 15:47:36 com_github_MitjaNemec_Archive3DModels.archive_3d_models 138:Remapping: ${KICAD8_3DMODEL_DIR}/Fuse.3dshapes/Fuse_1206_3216Metric.wrl
05-08 15:47:36 com_github_MitjaNemec_Archive3DModels.archive_3d_models 47:Getting 3D models for footprint of: R5
05-08 15:47:36 com_github_MitjaNemec_Archive3DModels.archive_3d_models 58:Trying to copy: ${KICAD8_3DMODEL_DIR}/Resistor_SMD.3dshapes/R_0603_1608Metric.wrl
05-08 15:47:36 com_github_MitjaNemec_Archive3DModels.archive_3d_models 138:Remapping: ${KICAD8_3DMODEL_DIR}/Resistor_SMD.3dshapes/R_0603_1608Metric.wrl
05-08 15:47:36 com_github_MitjaNemec_Archive3DModels.archive_3d_models 47:Getting 3D models for footprint of: R16
05-08 15:47:36 com_github_MitjaNemec_Archive3DModels.archive_3d_models 58:Trying to copy: ${KICAD8_3DMODEL_DIR}/Resistor_SMD.3dshapes/R_0402_1005Metric.wrl
05-08 15:47:36 com_github_MitjaNemec_Archive3DModels.archive_3d_models 138:Remapping: ${KICAD8_3DMODEL_DIR}/Resistor_SMD.3dshapes/R_0402_1005Metric.wrl
05-08 15:47:36 com_github_MitjaNemec_Archive3DModels.archive_3d_models 47:Getting 3D models for footprint of: U1
05-08 15:47:36 com_github_MitjaNemec_Archive3DModels.archive_3d_models 58:Trying to copy: ${KICAD8_3DMODEL_DIR}/Package_QFP.3dshapes/LQFP-64_10x10mm_P0.5mm.wrl
05-08 15:47:36 com_github_MitjaNemec_Archive3DModels.archive_3d_models 138:Remapping: ${KICAD8_3DMODEL_DIR}/Package_QFP.3dshapes/LQFP-64_10x10mm_P0.5mm.wrl
05-08 15:47:36 com_github_MitjaNemec_Archive3DModels.archive_3d_models 47:Getting 3D models for footprint of: C17
05-08 15:47:36 com_github_MitjaNemec_Archive3DModels.archive_3d_models 58:Trying to copy: ${KICAD8_3DMODEL_DIR}/Capacitor_SMD.3dshapes/C_0402_1005Metric.wrl
05-08 15:47:36 com_github_MitjaNemec_Archive3DModels.archive_3d_models 138:Remapping: ${KICAD8_3DMODEL_DIR}/Capacitor_SMD.3dshapes/C_0402_1005Metric.wrl
05-08 15:47:36 com_github_MitjaNemec_Archive3DModels.archive_3d_models 47:Getting 3D models for footprint of: C1
05-08 15:47:36 com_github_MitjaNemec_Archive3DModels.archive_3d_models 58:Trying to copy: ${KICAD8_3DMODEL_DIR}/Capacitor_SMD.3dshapes/C_1206_3216Metric.wrl
05-08 15:47:36 com_github_MitjaNemec_Archive3DModels.archive_3d_models 138:Remapping: ${KICAD8_3DMODEL_DIR}/Capacitor_SMD.3dshapes/C_1206_3216Metric.wrl
05-08 15:47:36 com_github_MitjaNemec_Archive3DModels.archive_3d_models 47:Getting 3D models for footprint of: C14
05-08 15:47:36 com_github_MitjaNemec_Archive3DModels.archive_3d_models 58:Trying to copy: ${KICAD8_3DMODEL_DIR}/Capacitor_SMD.3dshapes/C_0402_1005Metric.wrl
05-08 15:47:36 com_github_MitjaNemec_Archive3DModels.archive_3d_models 138:Remapping: ${KICAD8_3DMODEL_DIR}/Capacitor_SMD.3dshapes/C_0402_1005Metric.wrl
05-08 15:47:36 com_github_MitjaNemec_Archive3DModels.archive_3d_models 47:Getting 3D models for footprint of: C20
05-08 15:47:36 com_github_MitjaNemec_Archive3DModels.archive_3d_models 58:Trying to copy: ${KICAD8_3DMODEL_DIR}/Capacitor_SMD.3dshapes/C_1206_3216Metric.wrl
05-08 15:47:36 com_github_MitjaNemec_Archive3DModels.archive_3d_models 138:Remapping: ${KICAD8_3DMODEL_DIR}/Capacitor_SMD.3dshapes/C_1206_3216Metric.wrl
05-08 15:47:36 com_github_MitjaNemec_Archive3DModels.archive_3d_models 47:Getting 3D models for footprint of: R7
05-08 15:47:36 com_github_MitjaNemec_Archive3DModels.archive_3d_models 58:Trying to copy: ${KICAD8_3DMODEL_DIR}/Resistor_SMD.3dshapes/R_0603_1608Metric.wrl
05-08 15:47:36 com_github_MitjaNemec_Archive3DModels.archive_3d_models 138:Remapping: ${KICAD8_3DMODEL_DIR}/Resistor_SMD.3dshapes/R_0603_1608Metric.wrl
05-08 15:47:36 com_github_MitjaNemec_Archive3DModels.archive_3d_models 47:Getting 3D models for footprint of: H1
05-08 15:47:36 com_github_MitjaNemec_Archive3DModels.archive_3d_models 47:Getting 3D models for footprint of: D1
05-08 15:47:36 com_github_MitjaNemec_Archive3DModels.archive_3d_models 58:Trying to copy: ${KICAD8_3DMODEL_DIR}/Diode_SMD.3dshapes/D_0603_1608Metric.wrl
05-08 15:47:36 com_github_MitjaNemec_Archive3DModels.archive_3d_models 138:Remapping: ${KICAD8_3DMODEL_DIR}/Diode_SMD.3dshapes/D_0603_1608Metric.wrl
05-08 15:47:36 com_github_MitjaNemec_Archive3DModels.archive_3d_models 47:Getting 3D models for footprint of: D2
05-08 15:47:36 com_github_MitjaNemec_Archive3DModels.archive_3d_models 58:Trying to copy: ${KICAD8_3DMODEL_DIR}/LED_SMD.3dshapes/LED_0603_1608Metric.wrl
05-08 15:47:36 com_github_MitjaNemec_Archive3DModels.archive_3d_models 138:Remapping: ${KICAD8_3DMODEL_DIR}/LED_SMD.3dshapes/LED_0603_1608Metric.wrl
05-08 15:47:36 com_github_MitjaNemec_Archive3DModels.archive_3d_models 47:Getting 3D models for footprint of: J4
05-08 15:47:36 com_github_MitjaNemec_Archive3DModels.archive_3d_models 58:Trying to copy: ${KICAD8_3DMODEL_DIR}/Connector.3dshapes/FanPinHeader_1x04_P2.54mm_Vertical.wrl
05-08 15:47:36 com_github_MitjaNemec_Archive3DModels.archive_3d_models 138:Remapping: ${KICAD8_3DMODEL_DIR}/Connector.3dshapes/FanPinHeader_1x04_P2.54mm_Vertical.wrl
05-08 15:47:36 com_github_MitjaNemec_Archive3DModels.archive_3d_models 47:Getting 3D models for footprint of: C2
05-08 15:47:36 com_github_MitjaNemec_Archive3DModels.archive_3d_models 58:Trying to copy: ${KICAD8_3DMODEL_DIR}/Capacitor_SMD.3dshapes/C_1206_3216Metric.wrl
05-08 15:47:36 com_github_MitjaNemec_Archive3DModels.archive_3d_models 138:Remapping: ${KICAD8_3DMODEL_DIR}/Capacitor_SMD.3dshapes/C_1206_3216Metric.wrl
05-08 15:47:36 com_github_MitjaNemec_Archive3DModels.archive_3d_models 47:Getting 3D models for footprint of: U2
05-08 15:47:36 com_github_MitjaNemec_Archive3DModels.archive_3d_models 58:Trying to copy: ${KICAD8_3DMODEL_DIR}/Package_SO.3dshapes/SOIC-8-1EP_3.9x4.9mm_P1.27mm_EP2.62x3.51mm.wrl
05-08 15:47:36 com_github_MitjaNemec_Archive3DModels.archive_3d_models 134:Did not copy: ${KICAD8_3DMODEL_DIR}/Package_SO.3dshapes/SOIC-8-1EP_3.9x4.9mm_P1.27mm_EP2.62x3.51mm.wrl
05-08 15:47:36 com_github_MitjaNemec_Archive3DModels.archive_3d_models 138:Remapping: ${KICAD8_3DMODEL_DIR}/Package_SO.3dshapes/SOIC-8-1EP_3.9x4.9mm_P1.27mm_EP2.62x3.51mm.wrl
05-08 15:47:36 com_github_MitjaNemec_Archive3DModels.archive_3d_models 47:Getting 3D models for footprint of: C6
05-08 15:47:36 com_github_MitjaNemec_Archive3DModels.archive_3d_models 58:Trying to copy: ${KICAD8_3DMODEL_DIR}/Capacitor_SMD.3dshapes/C_0402_1005Metric.wrl
05-08 15:47:36 com_github_MitjaNemec_Archive3DModels.archive_3d_models 138:Remapping: ${KICAD8_3DMODEL_DIR}/Capacitor_SMD.3dshapes/C_0402_1005Metric.wrl
05-08 15:47:36 com_github_MitjaNemec_Archive3DModels.archive_3d_models 47:Getting 3D models for footprint of: R3
05-08 15:47:36 com_github_MitjaNemec_Archive3DModels.archive_3d_models 58:Trying to copy: ${KICAD8_3DMODEL_DIR}/Resistor_SMD.3dshapes/R_0603_1608Metric.wrl
05-08 15:47:36 com_github_MitjaNemec_Archive3DModels.archive_3d_models 138:Remapping: ${KICAD8_3DMODEL_DIR}/Resistor_SMD.3dshapes/R_0603_1608Metric.wrl
05-08 15:47:36 com_github_MitjaNemec_Archive3DModels.archive_3d_models 47:Getting 3D models for footprint of: C4
05-08 15:47:36 com_github_MitjaNemec_Archive3DModels.archive_3d_models 58:Trying to copy: ${KICAD8_3DMODEL_DIR}/Capacitor_SMD.3dshapes/C_0402_1005Metric.wrl
05-08 15:47:36 com_github_MitjaNemec_Archive3DModels.archive_3d_models 138:Remapping: ${KICAD8_3DMODEL_DIR}/Capacitor_SMD.3dshapes/C_0402_1005Metric.wrl
05-08 15:47:36 com_github_MitjaNemec_Archive3DModels.archive_3d_models 149:Did not succeed to copy 3D models!
('FB1', '${KICAD8_3DMODEL_DIR}/Inductor_SMD.3dshapes/L_6.3x6.3_H3.wrl')
('L2', '${KICAD8_3DMODEL_DIR}/Inductor_SMD.3dshapes/L_6.3x6.3_H3.wrl')
('J2', '${KICAD8_3DMODEL_DIR}/Connector_USB.3dshapes/USB_Micro-AB_Molex_47590-0001.wrl')
('U2', '${KICAD8_3DMODEL_DIR}/Package_SO.3dshapes/SOIC-8-1EP_3.9x4.9mm_P1.27mm_EP2.62x3.51mm.wrl')
